INFO    : Staging deployment according to strategy default_target
INFO    : Since no target was supplied, we will use "web".

INFO    : Staging latest build located in `C:\Users\jonny\my-course-notes\output\web` at `C:\Users\jonny\my-course-notes\output\stage`.
INFO    : 
INFO    : Preparing to deploy from active `master` git branch.

INFO    : Changes to project source since last commit detected.
WARNING : Don't forget to either add and commit the changes to your source with git, or run `pretext deploy -u` to have these changes updated automatically.
WARNING : Just deploying your built project will not save changes to your source on GitHub.`
INFO    : Committing your latest build to the `gh-pages` branch.
INFO    : 
INFO    : Attempting to connect to remote repository at `https://github.com/Mallwalker52/math-2760.git`...
INFO    : 
WARNING : There was an issue connecting to GitHub repository located at https://github.com/Mallwalker52/math-2760/

INFO    : Make sure you have set up authentication for GitHub.  For more information, visit:
INFO    :     https://docs.github.com/en/authentication
INFO    : Make sure you can push changes, either from the command line or in VS Code.  Then try to deploy again.

INFO    : You can also try to run `pretext deploy --no-push` to skip this step, then switch to the `gh-pages` branch (using `git checkout gh-pages`) and push manually.
INFO    : 
INFO    : (If `https://github.com/Mallwalker52/math-2760.git` doesn't match your GitHub repository,
INFO    : use `git remote remove origin` on the command line then try to deploy again.)
INFO    : 
ERROR   : Deploy was unsuccessful.
INFO    : 
----------------------------------------------------
INFO    : While running pretext, the following errors occurred:

INFO    : (see log messages above or in the 'logs' folder for more information)
INFO    : ----------------------------------------------------
